[    1407ms] [INFO] %cDownload the React DevTools for a better development experience: https://reactjs.org/link/react-devtools font-weight:bold @ http://localhost:3000/node_modules/.vite/deps/chunk-RIFBYJZS.js?v=7b17a169:21550
[    1452ms] [WARNING] ⚠️ React Router Future Flag Warning: React Router will begin wrapping state updates in `React.startTransition` in v7. You can use the `v7_startTransition` future flag to opt-in early. For more information, see https://reactrouter.com/v6/upgrading/future#v7_starttransition. @ http://localhost:3000/node_modules/.vite/deps/react-router-dom.js?v=7b17a169:4435
[    1452ms] [WARNING] ⚠️ React Router Future Flag Warning: Relative route resolution within Splat routes is changing in v7. You can use the `v7_relativeSplatPath` future flag to opt-in early. For more information, see https://reactrouter.com/v6/upgrading/future#v7_relativesplatpath. @ http://localhost:3000/node_modules/.vite/deps/react-router-dom.js?v=7b17a169:4435
[    1577ms] Error: A 'Keycloak' instance can only be initialized once.
    at Keycloak.init (http://localhost:3000/node_modules/.vite/deps/keycloak-js.js?v=7b17a169:118:15)
    at http://localhost:3000/src/hooks/useAuth.jsx:26:14
    at commitHookEffectListMount (http://localhost:3000/node_modules/.vite/deps/chunk-RIFBYJZS.js?v=7b17a169:16915:34)
    at invokePassiveEffectMountInDEV (http://localhost:3000/node_modules/.vite/deps/chunk-RIFBYJZS.js?v=7b17a169:18324:19)
    at invokeEffectsInDev (http://localhost:3000/node_modules/.vite/deps/chunk-RIFBYJZS.js?v=7b17a169:19701:19)
    at commitDoubleInvokeEffectsInDEV (http://localhost:3000/node_modules/.vite/deps/chunk-RIFBYJZS.js?v=7b17a169:19686:15)
    at flushPassiveEffectsImpl (http://localhost:3000/node_modules/.vite/deps/chunk-RIFBYJZS.js?v=7b17a169:19503:13)
    at flushPassiveEffects (http://localhost:3000/node_modules/.vite/deps/chunk-RIFBYJZS.js?v=7b17a169:19447:22)
    at http://localhost:3000/node_modules/.vite/deps/chunk-RIFBYJZS.js?v=7b17a169:19328:17
    at workLoop (http://localhost:3000/node_modules/.vite/deps/chunk-RIFBYJZS.js?v=7b17a169:197:42)
[    1580ms] [ERROR] Failed to load resource: the server responded with a status of 401 (Unauthorized) @ http://localhost:3000/api/orgs:0
[    1581ms] [ERROR] Failed to load resource: the server responded with a status of 401 (Unauthorized) @ http://localhost:3000/api/sessions:0
[    1581ms] [ERROR] Failed to load resource: the server responded with a status of 401 (Unauthorized) @ http://localhost:3000/api/poles:0
[    1581ms] [ERROR] Failed to load resource: the server responded with a status of 401 (Unauthorized) @ http://localhost:3000/api/orgs:0
[    1581ms] [ERROR] Failed to load resource: the server responded with a status of 401 (Unauthorized) @ http://localhost:3000/api/poles:0
[    1581ms] [ERROR] Failed to load resource: the server responded with a status of 401 (Unauthorized) @ http://localhost:3000/api/sessions:0
[    1585ms] [ERROR] Failed to load resource: the server responded with a status of 404 (Not Found) @ http://localhost:3000/favicon.ico:0
[   42013ms] [INFO] %cDownload the React DevTools for a better development experience: https://reactjs.org/link/react-devtools font-weight:bold @ http://localhost:3000/node_modules/.vite/deps/chunk-RIFBYJZS.js?v=7b17a169:21550
[   42029ms] [WARNING] ⚠️ React Router Future Flag Warning: React Router will begin wrapping state updates in `React.startTransition` in v7. You can use the `v7_startTransition` future flag to opt-in early. For more information, see https://reactrouter.com/v6/upgrading/future#v7_starttransition. @ http://localhost:3000/node_modules/.vite/deps/react-router-dom.js?v=7b17a169:4435
[   42029ms] [WARNING] ⚠️ React Router Future Flag Warning: Relative route resolution within Splat routes is changing in v7. You can use the `v7_relativeSplatPath` future flag to opt-in early. For more information, see https://reactrouter.com/v6/upgrading/future#v7_relativesplatpath. @ http://localhost:3000/node_modules/.vite/deps/react-router-dom.js?v=7b17a169:4435
[   42178ms] Error: A 'Keycloak' instance can only be initialized once.
    at Keycloak.init (http://localhost:3000/node_modules/.vite/deps/keycloak-js.js?v=7b17a169:118:15)
    at http://localhost:3000/src/hooks/useAuth.jsx:26:14
    at commitHookEffectListMount (http://localhost:3000/node_modules/.vite/deps/chunk-RIFBYJZS.js?v=7b17a169:16915:34)
    at invokePassiveEffectMountInDEV (http://localhost:3000/node_modules/.vite/deps/chunk-RIFBYJZS.js?v=7b17a169:18324:19)
    at invokeEffectsInDev (http://localhost:3000/node_modules/.vite/deps/chunk-RIFBYJZS.js?v=7b17a169:19701:19)
    at commitDoubleInvokeEffectsInDEV (http://localhost:3000/node_modules/.vite/deps/chunk-RIFBYJZS.js?v=7b17a169:19686:15)
    at flushPassiveEffectsImpl (http://localhost:3000/node_modules/.vite/deps/chunk-RIFBYJZS.js?v=7b17a169:19503:13)
    at flushPassiveEffects (http://localhost:3000/node_modules/.vite/deps/chunk-RIFBYJZS.js?v=7b17a169:19447:22)
    at http://localhost:3000/node_modules/.vite/deps/chunk-RIFBYJZS.js?v=7b17a169:19328:17
    at workLoop (http://localhost:3000/node_modules/.vite/deps/chunk-RIFBYJZS.js?v=7b17a169:197:42)
[   42092ms] [ERROR] Failed to load resource: the server responded with a status of 401 (Unauthorized) @ http://localhost:3000/api/orgs:0
[   42092ms] [ERROR] Failed to load resource: the server responded with a status of 401 (Unauthorized) @ http://localhost:3000/api/sessions:0
[   42095ms] [ERROR] Failed to load resource: the server responded with a status of 401 (Unauthorized) @ http://localhost:3000/api/poles:0
[   42103ms] [ERROR] Failed to load resource: the server responded with a status of 401 (Unauthorized) @ http://localhost:3000/api/orgs:0
[   42106ms] [ERROR] Failed to load resource: the server responded with a status of 401 (Unauthorized) @ http://localhost:3000/api/sessions:0
[   42108ms] [ERROR] Failed to load resource: the server responded with a status of 404 (Not Found) @ http://localhost:3000/favicon.ico:0
[   42109ms] [ERROR] Failed to load resource: the server responded with a status of 401 (Unauthorized) @ http://localhost:3000/api/poles:0
[   42258ms] [ERROR] Failed to load resource: the server responded with a status of 404 (Not Found) @ http://localhost:3000/favicon.ico:0
[   99505ms] [INFO] %cDownload the React DevTools for a better development experience: https://reactjs.org/link/react-devtools font-weight:bold @ http://localhost:3000/node_modules/.vite/deps/chunk-RIFBYJZS.js?v=7b17a169:21550
[   99520ms] [WARNING] ⚠️ React Router Future Flag Warning: React Router will begin wrapping state updates in `React.startTransition` in v7. You can use the `v7_startTransition` future flag to opt-in early. For more information, see https://reactrouter.com/v6/upgrading/future#v7_starttransition. @ http://localhost:3000/node_modules/.vite/deps/react-router-dom.js?v=7b17a169:4435
[   99520ms] [WARNING] ⚠️ React Router Future Flag Warning: Relative route resolution within Splat routes is changing in v7. You can use the `v7_relativeSplatPath` future flag to opt-in early. For more information, see https://reactrouter.com/v6/upgrading/future#v7_relativesplatpath. @ http://localhost:3000/node_modules/.vite/deps/react-router-dom.js?v=7b17a169:4435
[   99549ms] [ERROR] Failed to load resource: the server responded with a status of 401 (Unauthorized) @ http://localhost:3000/api/orgs:0
[   99551ms] [ERROR] Failed to load resource: the server responded with a status of 401 (Unauthorized) @ http://localhost:3000/api/poles:0
[   99552ms] [ERROR] Failed to load resource: the server responded with a status of 401 (Unauthorized) @ http://localhost:3000/api/sessions:0
[   99561ms] [ERROR] Failed to load resource: the server responded with a status of 401 (Unauthorized) @ http://localhost:3000/api/orgs:0
[   99563ms] [ERROR] Failed to load resource: the server responded with a status of 401 (Unauthorized) @ http://localhost:3000/api/poles:0
[   99563ms] [ERROR] Failed to load resource: the server responded with a status of 401 (Unauthorized) @ http://localhost:3000/api/sessions:0
[   99779ms] [INFO] %cDownload the React DevTools for a better development experience: https://reactjs.org/link/react-devtools font-weight:bold @ http://localhost:3000/node_modules/.vite/deps/chunk-RIFBYJZS.js?v=7b17a169:21550
[   99791ms] [WARNING] ⚠️ React Router Future Flag Warning: React Router will begin wrapping state updates in `React.startTransition` in v7. You can use the `v7_startTransition` future flag to opt-in early. For more information, see https://reactrouter.com/v6/upgrading/future#v7_starttransition. @ http://localhost:3000/node_modules/.vite/deps/react-router-dom.js?v=7b17a169:4435
[   99792ms] [WARNING] ⚠️ React Router Future Flag Warning: Relative route resolution within Splat routes is changing in v7. You can use the `v7_relativeSplatPath` future flag to opt-in early. For more information, see https://reactrouter.com/v6/upgrading/future#v7_relativesplatpath. @ http://localhost:3000/node_modules/.vite/deps/react-router-dom.js?v=7b17a169:4435
[   99809ms] [ERROR] Failed to load resource: the server responded with a status of 401 (Unauthorized) @ http://localhost:3000/api/orgs:0
[   99811ms] [ERROR] Failed to load resource: the server responded with a status of 401 (Unauthorized) @ http://localhost:3000/api/sessions:0
[   99814ms] [ERROR] Failed to load resource: the server responded with a status of 401 (Unauthorized) @ http://localhost:3000/api/poles:0
[   99817ms] [ERROR] Failed to load resource: the server responded with a status of 401 (Unauthorized) @ http://localhost:3000/api/orgs:0
[   99819ms] [ERROR] Failed to load resource: the server responded with a status of 401 (Unauthorized) @ http://localhost:3000/api/sessions:0
[   99819ms] [ERROR] Failed to load resource: the server responded with a status of 401 (Unauthorized) @ http://localhost:3000/api/poles:0
