[    7437ms] [ERROR] Failed to load resource: the server responded with a status of 502 (Bad Gateway) @ http://localhost:3000/api/orgs:0
[    7437ms] [ERROR] Failed to load resource: the server responded with a status of 502 (Bad Gateway) @ http://localhost:3000/api/sessions:0
[    7437ms] [ERROR] Failed to load resource: the server responded with a status of 502 (Bad Gateway) @ http://localhost:3000/api/poles:0
[    9947ms] [ERROR] Failed to load resource: the server responded with a status of 502 (Bad Gateway) @ http://localhost:3000/api/command-bridge/blackboard?niveau=N0:0
[    9947ms] [ERROR] Failed to load resource: the server responded with a status of 502 (Bad Gateway) @ http://localhost:3000/api/command-bridge/overview:0
[    9948ms] [ERROR] Failed to load resource: the server responded with a status of 502 (Bad Gateway) @ http://localhost:3000/api/command-bridge/decisions?statut=en_attente:0
[   10038ms] [ERROR] WebSocket connection to 'ws://localhost:3001/api/ws/blackboard?token=eyJhbGciOiJSUzI1NiIsInR5cCIgOiAiSldUIiwia2lkIiA6ICJWZ2g3OHZEc1EtVy1KbS16VWY2eWNHX0tWYkxjU19wTWNOajN4NmIwcXNjIn0.eyJleHAiOjE3NzY0Mjg0NDgsImlhdCI6MTc3NjQyODE0OCwiYXV0aF90aW1lIjoxNzc2NDI4MTQ3LCJqdGkiOiJvbnJ0YWM6YTQ1NzYzMzctZDdiOS00ODkwLWJjMWUtMDdiNDFmNjIwMDFjIiwiaXNzIjoiaHR0cDovL2xvY2FsaG9zdDo4MDgwL3JlYWxtcy9mb3JnZSIsImF1ZCI6ImFjY291bnQiLCJzdWIiOiI5ZGQyNDg5NC00M2U0LTQ5ODMtYjBjYS1kZjY0NWFmNDU4OGUiLCJ0eXAiOiJCZWFyZXIiLCJhenAiOiJmb3JnZS1hcHAiLCJzaWQiOiI2MDEwYWJmZi0xODk...nByZWZlcnJlZF91c2VybmFtZSI6InRvdXNzYWludGdhcmluYXQiLCJnaXZlbl9uYW1lIjoiVG91c3NhaW50IiwiZmFtaWx5X25hbWUiOiJHYXJpbmF0IiwiZW1haWwiOiJ0b3Vzc2FpbnRnYXJpbmF0QGdtYWlsLmNvbSJ9.I2jtNmBMySx8TGEH402TUT-3Hz3slraAgTCfjZ1kL3rSp823NqyoLDeS4iHwgpU0B_UQoOf2o5kjqcPUZI0_aItjUly3hEYE5fr-WZAxkoy_o5g-26QWT8_-edNtNtQ9DV_17vuXsSgcNttKaDzplaO_BhOPCmle-dvkH3Ux_RXQRAjO9l-7lE4YQXt1Qa6cs0hWWO0KGDQxxYG6z4Xnd9TE2PsLTsQxRpN7zyD-xIxw0yYaReYdaPsJWN_qMORF7Bd3fdI3m-EqtxGN56OX97wdSqhjctZfE_TJO6Xmph5LCuD5aD4Do0OdG351mGPwJlealEKOyzPLhGHNiFA5aA' failed: HTTP Authentication failed; no valid credentials available @ http://localhost:3000/assets/index-CE65zqYF.js:75
[   13928ms] [ERROR] Failed to load resource: the server responded with a status of 502 (Bad Gateway) @ http://localhost:3000/api/netbird/peers:0
[   19747ms] [ERROR] Failed to load resource: the server responded with a status of 502 (Bad Gateway) @ http://localhost:3000/api/agent-factory?:0
[   20592ms] [ERROR] Failed to load resource: the server responded with a status of 502 (Bad Gateway) @ http://localhost:3000/api/veille/sources:0
[   20592ms] [ERROR] Failed to load resource: the server responded with a status of 502 (Bad Gateway) @ http://localhost:3000/api/veille/articles:0
[   21235ms] [ERROR] Failed to load resource: the server responded with a status of 502 (Bad Gateway) @ http://localhost:3000/api/kb/articles:0
[   21536ms] [ERROR] Failed to load resource: the server responded with a status of 502 (Bad Gateway) @ http://localhost:3000/api/kb/articles:0
[   22088ms] [ERROR] Failed to load resource: the server responded with a status of 502 (Bad Gateway) @ http://localhost:3000/api/facturation?type=facture:0
[   23255ms] [ERROR] Failed to load resource: the server responded with a status of 502 (Bad Gateway) @ http://localhost:3000/api/gitpack/jobs:0
[   24450ms] [ERROR] Failed to load resource: the server responded with a status of 502 (Bad Gateway) @ http://localhost:3000/api/command-bridge/overview:0
[   24450ms] [ERROR] Failed to load resource: the server responded with a status of 502 (Bad Gateway) @ http://localhost:3000/api/command-bridge/blackboard?niveau=N0:0
[   24451ms] [ERROR] Failed to load resource: the server responded with a status of 502 (Bad Gateway) @ http://localhost:3000/api/command-bridge/decisions?statut=en_attente:0
[   24503ms] [ERROR] WebSocket connection to 'ws://localhost:3001/api/ws/blackboard?token=eyJhbGciOiJSUzI1NiIsInR5cCIgOiAiSldUIiwia2lkIiA6ICJWZ2g3OHZEc1EtVy1KbS16VWY2eWNHX0tWYkxjU19wTWNOajN4NmIwcXNjIn0.eyJleHAiOjE3NzY0Mjg0NDgsImlhdCI6MTc3NjQyODE0OCwiYXV0aF90aW1lIjoxNzc2NDI4MTQ3LCJqdGkiOiJvbnJ0YWM6YTQ1NzYzMzctZDdiOS00ODkwLWJjMWUtMDdiNDFmNjIwMDFjIiwiaXNzIjoiaHR0cDovL2xvY2FsaG9zdDo4MDgwL3JlYWxtcy9mb3JnZSIsImF1ZCI6ImFjY291bnQiLCJzdWIiOiI5ZGQyNDg5NC00M2U0LTQ5ODMtYjBjYS1kZjY0NWFmNDU4OGUiLCJ0eXAiOiJCZWFyZXIiLCJhenAiOiJmb3JnZS1hcHAiLCJzaWQiOiI2MDEwYWJmZi0xODk...nByZWZlcnJlZF91c2VybmFtZSI6InRvdXNzYWludGdhcmluYXQiLCJnaXZlbl9uYW1lIjoiVG91c3NhaW50IiwiZmFtaWx5X25hbWUiOiJHYXJpbmF0IiwiZW1haWwiOiJ0b3Vzc2FpbnRnYXJpbmF0QGdtYWlsLmNvbSJ9.I2jtNmBMySx8TGEH402TUT-3Hz3slraAgTCfjZ1kL3rSp823NqyoLDeS4iHwgpU0B_UQoOf2o5kjqcPUZI0_aItjUly3hEYE5fr-WZAxkoy_o5g-26QWT8_-edNtNtQ9DV_17vuXsSgcNttKaDzplaO_BhOPCmle-dvkH3Ux_RXQRAjO9l-7lE4YQXt1Qa6cs0hWWO0KGDQxxYG6z4Xnd9TE2PsLTsQxRpN7zyD-xIxw0yYaReYdaPsJWN_qMORF7Bd3fdI3m-EqtxGN56OX97wdSqhjctZfE_TJO6Xmph5LCuD5aD4Do0OdG351mGPwJlealEKOyzPLhGHNiFA5aA' failed: HTTP Authentication failed; no valid credentials available @ http://localhost:3000/assets/index-CE65zqYF.js:75
[   27970ms] [ERROR] Failed to load resource: the server responded with a status of 502 (Bad Gateway) @ http://localhost:3000/api/command-bridge/decisions?statut=en_attente:0
[   27970ms] [ERROR] Failed to load resource: the server responded with a status of 502 (Bad Gateway) @ http://localhost:3000/api/command-bridge/blackboard?niveau=N0:0
[   27970ms] [ERROR] Failed to load resource: the server responded with a status of 502 (Bad Gateway) @ http://localhost:3000/api/command-bridge/overview:0
[   28020ms] [ERROR] WebSocket connection to 'ws://localhost:3001/api/ws/blackboard?token=eyJhbGciOiJSUzI1NiIsInR5cCIgOiAiSldUIiwia2lkIiA6ICJWZ2g3OHZEc1EtVy1KbS16VWY2eWNHX0tWYkxjU19wTWNOajN4NmIwcXNjIn0.eyJleHAiOjE3NzY0Mjg0NDgsImlhdCI6MTc3NjQyODE0OCwiYXV0aF90aW1lIjoxNzc2NDI4MTQ3LCJqdGkiOiJvbnJ0YWM6YTQ1NzYzMzctZDdiOS00ODkwLWJjMWUtMDdiNDFmNjIwMDFjIiwiaXNzIjoiaHR0cDovL2xvY2FsaG9zdDo4MDgwL3JlYWxtcy9mb3JnZSIsImF1ZCI6ImFjY291bnQiLCJzdWIiOiI5ZGQyNDg5NC00M2U0LTQ5ODMtYjBjYS1kZjY0NWFmNDU4OGUiLCJ0eXAiOiJCZWFyZXIiLCJhenAiOiJmb3JnZS1hcHAiLCJzaWQiOiI2MDEwYWJmZi0xODk...nByZWZlcnJlZF91c2VybmFtZSI6InRvdXNzYWludGdhcmluYXQiLCJnaXZlbl9uYW1lIjoiVG91c3NhaW50IiwiZmFtaWx5X25hbWUiOiJHYXJpbmF0IiwiZW1haWwiOiJ0b3Vzc2FpbnRnYXJpbmF0QGdtYWlsLmNvbSJ9.I2jtNmBMySx8TGEH402TUT-3Hz3slraAgTCfjZ1kL3rSp823NqyoLDeS4iHwgpU0B_UQoOf2o5kjqcPUZI0_aItjUly3hEYE5fr-WZAxkoy_o5g-26QWT8_-edNtNtQ9DV_17vuXsSgcNttKaDzplaO_BhOPCmle-dvkH3Ux_RXQRAjO9l-7lE4YQXt1Qa6cs0hWWO0KGDQxxYG6z4Xnd9TE2PsLTsQxRpN7zyD-xIxw0yYaReYdaPsJWN_qMORF7Bd3fdI3m-EqtxGN56OX97wdSqhjctZfE_TJO6Xmph5LCuD5aD4Do0OdG351mGPwJlealEKOyzPLhGHNiFA5aA' failed: HTTP Authentication failed; no valid credentials available @ http://localhost:3000/assets/index-CE65zqYF.js:75
[   35853ms] [ERROR] Failed to load resource: net::ERR_CONNECTION_REFUSED @ http://localhost:3000/api/netbird/peers:0
[   42602ms] [ERROR] Failed to load resource: the server responded with a status of 502 (Bad Gateway) @ http://localhost:3000/api/agent-factory?:0
