[     454ms] [ERROR] Failed to load resource: net::ERR_CONNECTION_RESET @ http://localhost:33071/api/instance:0
[     454ms] [WARNING] Instance status check failed: TypeError: Failed to fetch
    at n (http://localhost:8088/_next/static/chunks/bda14900bb28840a.js:1:6377)
    at r (http://localhost:8088/_next/static/chunks/bda14900bb28840a.js:1:6733)
    at http://localhost:8088/_next/static/chunks/bda14900bb28840a.js:1:7550
    at ih (http://localhost:8088/_next/static/chunks/667cbf944d896edf.js:1:101242)
    at e (http://localhost:8088/_next/static/chunks/667cbf944d896edf.js:1:126215)
    at e (http://localhost:8088/_next/static/chunks/667cbf944d896edf.js:1:126460)
    at e (http://localhost:8088/_next/static/chunks/667cbf944d896edf.js:1:126202)
    at e (http://localhost:8088/_next/static/chunks/667cbf944d896edf.js:1:126460)
    at e (http://localhost:8088/_next/static/chunks/667cbf944d896edf.js:1:126202)
    at e (http://localhost:8088/_next/static/chunks/667cbf944d896edf.js:1:126460) @ http://localhost:8088/_next/static/chunks/bda14900bb28840a.js:0
[   17629ms] [ERROR] Failed to load resource: the server responded with a status of 404 (Not Found) @ http://localhost:8088/callback?state=6xsf3Yc5dBK52bGu&session_state=94e147d8-86ea-4746-abf2-a5078965e149&iss=http%3A%2F%2Flocalhost%3A8080%2Frealms%2Fforge&code=fb46db93-351c-424a-b289-acc72d3b61d3.94e147d8-86ea-4746-abf2-a5078965e149.bb3f7437-bdcb-45b8-9371-7cedd837ff79:0
[   18074ms] [ERROR] Failed to load resource: net::ERR_CONNECTION_RESET @ http://localhost:33071/api/instance:0
[   18074ms] [WARNING] Instance status check failed: TypeError: Failed to fetch
    at n (http://localhost:8088/_next/static/chunks/bda14900bb28840a.js:1:6377)
    at r (http://localhost:8088/_next/static/chunks/bda14900bb28840a.js:1:6733)
    at http://localhost:8088/_next/static/chunks/bda14900bb28840a.js:1:7550
    at ih (http://localhost:8088/_next/static/chunks/667cbf944d896edf.js:1:101242)
    at e (http://localhost:8088/_next/static/chunks/667cbf944d896edf.js:1:126215)
    at e (http://localhost:8088/_next/static/chunks/667cbf944d896edf.js:1:126460)
    at e (http://localhost:8088/_next/static/chunks/667cbf944d896edf.js:1:126202)
    at e (http://localhost:8088/_next/static/chunks/667cbf944d896edf.js:1:126460)
    at e (http://localhost:8088/_next/static/chunks/667cbf944d896edf.js:1:126202)
    at e (http://localhost:8088/_next/static/chunks/667cbf944d896edf.js:1:126460) @ http://localhost:8088/_next/static/chunks/bda14900bb28840a.js:0
[   18647ms] [ERROR] Failed to load resource: net::ERR_CONNECTION_RESET @ http://localhost:33071/api/instance:0
[   18647ms] [WARNING] Instance status check failed: TypeError: Failed to fetch
    at n (http://localhost:8088/_next/static/chunks/bda14900bb28840a.js:1:6377)
    at r (http://localhost:8088/_next/static/chunks/bda14900bb28840a.js:1:6733)
    at http://localhost:8088/_next/static/chunks/bda14900bb28840a.js:1:7550
    at ih (http://localhost:8088/_next/static/chunks/667cbf944d896edf.js:1:101242)
    at e (http://localhost:8088/_next/static/chunks/667cbf944d896edf.js:1:126215)
    at e (http://localhost:8088/_next/static/chunks/667cbf944d896edf.js:1:126460)
    at e (http://localhost:8088/_next/static/chunks/667cbf944d896edf.js:1:126202)
    at e (http://localhost:8088/_next/static/chunks/667cbf944d896edf.js:1:126460)
    at e (http://localhost:8088/_next/static/chunks/667cbf944d896edf.js:1:126202)
    at e (http://localhost:8088/_next/static/chunks/667cbf944d896edf.js:1:126460) @ http://localhost:8088/_next/static/chunks/bda14900bb28840a.js:0
[   18731ms] [ERROR] Failed to load resource: net::ERR_CONNECTION_RESET @ http://localhost:33071/api/users:0
[   18731ms] [LOG] TypeError: Failed to fetch
    at fetch (http://localhost:8088/_next/static/chunks/61e50b3054b28949.js:1:167107)
    at async g (http://localhost:8088/_next/static/chunks/61e50b3054b28949.js:1:166372) @ http://localhost:8088/_next/static/chunks/61e50b3054b28949.js:0
[   19236ms] [ERROR] Failed to load resource: net::ERR_CONNECTION_RESET @ http://localhost:33071/api/users:0
[   19236ms] [LOG] TypeError: Failed to fetch
    at fetch (http://localhost:8088/_next/static/chunks/61e50b3054b28949.js:1:167107)
    at async g (http://localhost:8088/_next/static/chunks/61e50b3054b28949.js:1:166372) @ http://localhost:8088/_next/static/chunks/61e50b3054b28949.js:0
[   19740ms] [ERROR] Failed to load resource: net::ERR_CONNECTION_RESET @ http://localhost:33071/api/users:0
[   19741ms] [LOG] TypeError: Failed to fetch
    at fetch (http://localhost:8088/_next/static/chunks/61e50b3054b28949.js:1:167107)
    at async g (http://localhost:8088/_next/static/chunks/61e50b3054b28949.js:1:166372) @ http://localhost:8088/_next/static/chunks/61e50b3054b28949.js:0
[   20252ms] undefined
[   20251ms] [ERROR] Failed to load resource: net::ERR_CONNECTION_RESET @ http://localhost:33071/api/users/current:0
[   20251ms] [LOG] TypeError: Failed to fetch
    at fetch (http://localhost:8088/_next/static/chunks/61e50b3054b28949.js:1:167107)
    at async g (http://localhost:8088/_next/static/chunks/61e50b3054b28949.js:1:166372) @ http://localhost:8088/_next/static/chunks/61e50b3054b28949.js:0
[   20253ms] [ERROR] Failed to load resource: net::ERR_CONNECTION_RESET @ http://localhost:33071/api/users?service_user=false:0
[   20254ms] [ERROR] Failed to load resource: net::ERR_CONNECTION_RESET @ http://localhost:33071/api/users?service_user=true:0
[   25260ms] [ERROR] Failed to load resource: net::ERR_CONNECTION_RESET @ http://localhost:33071/api/users?service_user=false:0
[   25260ms] [ERROR] Failed to load resource: net::ERR_CONNECTION_RESET @ http://localhost:33071/api/users/current:0
[   25260ms] [LOG] TypeError: Failed to fetch
    at fetch (http://localhost:8088/_next/static/chunks/61e50b3054b28949.js:1:167107)
    at async g (http://localhost:8088/_next/static/chunks/61e50b3054b28949.js:1:166372) @ http://localhost:8088/_next/static/chunks/61e50b3054b28949.js:0
[   30258ms] [ERROR] Failed to load resource: net::ERR_CONNECTION_RESET @ http://localhost:33071/api/users?service_user=true:0
[   40264ms] [ERROR] Failed to load resource: net::ERR_CONNECTION_RESET @ http://localhost:33071/api/users?service_user=true:0
[   40264ms] [ERROR] Failed to load resource: net::ERR_CONNECTION_RESET @ http://localhost:33071/api/users?service_user=false:0
[   45265ms] [ERROR] Failed to load resource: net::ERR_CONNECTION_RESET @ http://localhost:33071/api/users/current:0
[   45265ms] [LOG] TypeError: Failed to fetch
    at fetch (http://localhost:8088/_next/static/chunks/61e50b3054b28949.js:1:167107)
    at async g (http://localhost:8088/_next/static/chunks/61e50b3054b28949.js:1:166372) @ http://localhost:8088/_next/static/chunks/61e50b3054b28949.js:0
[   70271ms] [ERROR] Failed to load resource: net::ERR_CONNECTION_RESET @ http://localhost:33071/api/users?service_user=true:0
[   70272ms] [ERROR] Failed to load resource: net::ERR_CONNECTION_RESET @ http://localhost:33071/api/users?service_user=false:0
[   80270ms] [ERROR] Failed to load resource: net::ERR_CONNECTION_RESET @ http://localhost:33071/api/users/current:0
[   80271ms] [LOG] TypeError: Failed to fetch
    at fetch (http://localhost:8088/_next/static/chunks/61e50b3054b28949.js:1:167107)
    at async g (http://localhost:8088/_next/static/chunks/61e50b3054b28949.js:1:166372) @ http://localhost:8088/_next/static/chunks/61e50b3054b28949.js:0
[  125281ms] [ERROR] Failed to load resource: net::ERR_CONNECTION_REFUSED @ http://localhost:33071/api/users?service_user=true:0
