[    1595ms] [ERROR] Failed to load resource: the server responded with a status of 401 (Unauthorized) @ http://localhost:33073/api/users:0
[    1595ms] [LOG] {message: token invalid, code: 401} @ http://localhost:8088/_next/static/chunks/61e50b3054b28949.js:0
[    2100ms] [ERROR] Failed to load resource: the server responded with a status of 401 (Unauthorized) @ http://localhost:33073/api/users:0
[    2100ms] [LOG] {message: token invalid, code: 401} @ http://localhost:8088/_next/static/chunks/61e50b3054b28949.js:0
[    2609ms] [ERROR] Failed to load resource: the server responded with a status of 401 (Unauthorized) @ http://localhost:33073/api/users:0
[    2609ms] [LOG] {message: token invalid, code: 401} @ http://localhost:8088/_next/static/chunks/61e50b3054b28949.js:0
[    3119ms] undefined
[    3122ms] [ERROR] Failed to load resource: the server responded with a status of 401 (Unauthorized) @ http://localhost:33073/api/users/current:0
[    3123ms] [LOG] {message: token invalid, code: 401} @ http://localhost:8088/_next/static/chunks/61e50b3054b28949.js:0
[    3124ms] [ERROR] Failed to load resource: the server responded with a status of 401 (Unauthorized) @ http://localhost:33073/api/users?service_user=false:0
[    3125ms] [ERROR] Failed to load resource: the server responded with a status of 401 (Unauthorized) @ http://localhost:33073/api/users?service_user=true:0
[    8139ms] [ERROR] Failed to load resource: the server responded with a status of 401 (Unauthorized) @ http://localhost:33073/api/users/current:0
[    8140ms] [ERROR] Failed to load resource: the server responded with a status of 401 (Unauthorized) @ http://localhost:33073/api/users?service_user=true:0
[    8140ms] [LOG] {message: token invalid, code: 401} @ http://localhost:8088/_next/static/chunks/61e50b3054b28949.js:0
[   13132ms] [ERROR] Failed to load resource: the server responded with a status of 401 (Unauthorized) @ http://localhost:33073/api/users?service_user=false:0
[   18148ms] [ERROR] Failed to load resource: the server responded with a status of 401 (Unauthorized) @ http://localhost:33073/api/users/current:0
[   18149ms] [LOG] {message: token invalid, code: 401} @ http://localhost:8088/_next/static/chunks/61e50b3054b28949.js:0
[   18150ms] [ERROR] Failed to load resource: the server responded with a status of 401 (Unauthorized) @ http://localhost:33073/api/users?service_user=true:0
[   38148ms] [ERROR] Failed to load resource: the server responded with a status of 401 (Unauthorized) @ http://localhost:33073/api/users?service_user=false:0
[   43166ms] [ERROR] Failed to load resource: the server responded with a status of 401 (Unauthorized) @ http://localhost:33073/api/users/current:0
[   43166ms] [LOG] {message: token invalid, code: 401} @ http://localhost:8088/_next/static/chunks/61e50b3054b28949.js:0
