[    6947ms] [ERROR] Failed to load resource: the server responded with a status of 401 (Unauthorized) @ http://localhost:3000/api/orgs:0
[    6948ms] [ERROR] Failed to load resource: the server responded with a status of 401 (Unauthorized) @ http://localhost:3000/api/sessions:0
[    6950ms] [ERROR] Failed to load resource: the server responded with a status of 401 (Unauthorized) @ http://localhost:3000/api/poles:0
[   18806ms] [ERROR] Failed to load resource: the server responded with a status of 401 (Unauthorized) @ http://localhost:3000/api/command-bridge/overview:0
[   18807ms] [ERROR] Failed to load resource: the server responded with a status of 401 (Unauthorized) @ http://localhost:3000/api/command-bridge/decisions?statut=en_attente:0
[   18809ms] [ERROR] Failed to load resource: the server responded with a status of 401 (Unauthorized) @ http://localhost:3000/api/command-bridge/blackboard?niveau=N0:0
[   18852ms] [ERROR] WebSocket connection to 'ws://localhost:3001/api/ws/blackboard?token=eyJhbGciOiJSUzI1NiIsInR5cCIgOiAiSldUIiwia2lkIiA6ICJWZ2g3OHZEc1EtVy1KbS16VWY2eWNHX0tWYkxjU19wTWNOajN4NmIwcXNjIn0.eyJleHAiOjE3NzYzNzI2ODUsImlhdCI6MTc3NjM3MjM4NSwiYXV0aF90aW1lIjoxNzc2MzcyMzg1LCJqdGkiOiJvbnJ0YWM6YzdmOWYxOWItODZiYS00NDRiLTgzNmEtOTZlNmYzN2E2MmQ2IiwiaXNzIjoiaHR0cDovL2xvY2FsaG9zdDo4MDgwL3JlYWxtcy9mb3JnZSIsImF1ZCI6ImFjY291bnQiLCJzdWIiOiI5ZGQyNDg5NC00M2U0LTQ5ODMtYjBjYS1kZjY0NWFmNDU4OGUiLCJ0eXAiOiJCZWFyZXIiLCJhenAiOiJmb3JnZS1hcHAiLCJzaWQiOiI3NjUzMzQzNS02N2Y...nByZWZlcnJlZF91c2VybmFtZSI6InRvdXNzYWludGdhcmluYXQiLCJnaXZlbl9uYW1lIjoiVG91c3NhaW50IiwiZmFtaWx5X25hbWUiOiJHYXJpbmF0IiwiZW1haWwiOiJ0b3Vzc2FpbnRnYXJpbmF0QGdtYWlsLmNvbSJ9.fuz61sq3csQ0N3sBrI7TptGp2Zjg9u7snk7HaIrFa-QyKhfVONRhzkTbqCfTlLoHr19QYC1fynLFkXUmIalfVYQUMS3UYvfjnm6iq2DpyM1q6pVVPpfKdPw25YMin-Lt0TaFUknxvn1apBAr9naqfDtbv88SpFU0Xlt-dUGr1YRzxMFH_r2Fo10DpLzihNYVHq4iRvEDdrGhEzonosAlPUsmVdyGVx1uLMdZAGL9EBaBdajI4KhHdih4tj6TdAoeHGGyolNmpIKfUUPHgZbPjM5xJ-GtIlRMNxMDSU7ToKZc_fP9-3eQ0LS4GeWyFcXAD5bgXCokOtEB4iZ0TEWwsA' failed: HTTP Authentication failed; no valid credentials available @ http://localhost:3000/assets/index-DG6isJvj.js:75
[   19856ms] [ERROR] Failed to load resource: the server responded with a status of 401 (Unauthorized) @ http://localhost:3000/api/gitpack/jobs:0
[   21450ms] [ERROR] Failed to load resource: the server responded with a status of 401 (Unauthorized) @ http://localhost:3000/api/facturation?type=facture:0
[   23853ms] [ERROR] Failed to load resource: the server responded with a status of 401 (Unauthorized) @ http://localhost:3000/api/kb/articles:0
[   24154ms] [ERROR] Failed to load resource: the server responded with a status of 401 (Unauthorized) @ http://localhost:3000/api/kb/articles:0
[   25444ms] [ERROR] Failed to load resource: the server responded with a status of 401 (Unauthorized) @ http://localhost:3000/api/veille/sources:0
[   25446ms] [ERROR] Failed to load resource: the server responded with a status of 401 (Unauthorized) @ http://localhost:3000/api/veille/articles:0
[   39766ms] [ERROR] Failed to load resource: the server responded with a status of 401 (Unauthorized) @ http://localhost:3000/api/gitpack/jobs:0
[   40558ms] [ERROR] Failed to load resource: the server responded with a status of 401 (Unauthorized) @ http://localhost:3000/api/command-bridge/overview:0
[   40558ms] [ERROR] Failed to load resource: the server responded with a status of 401 (Unauthorized) @ http://localhost:3000/api/command-bridge/decisions?statut=en_attente:0
[   40560ms] [ERROR] Failed to load resource: the server responded with a status of 401 (Unauthorized) @ http://localhost:3000/api/command-bridge/blackboard?niveau=N0:0
[   40604ms] [ERROR] WebSocket connection to 'ws://localhost:3001/api/ws/blackboard?token=eyJhbGciOiJSUzI1NiIsInR5cCIgOiAiSldUIiwia2lkIiA6ICJWZ2g3OHZEc1EtVy1KbS16VWY2eWNHX0tWYkxjU19wTWNOajN4NmIwcXNjIn0.eyJleHAiOjE3NzYzNzI2ODUsImlhdCI6MTc3NjM3MjM4NSwiYXV0aF90aW1lIjoxNzc2MzcyMzg1LCJqdGkiOiJvbnJ0YWM6YzdmOWYxOWItODZiYS00NDRiLTgzNmEtOTZlNmYzN2E2MmQ2IiwiaXNzIjoiaHR0cDovL2xvY2FsaG9zdDo4MDgwL3JlYWxtcy9mb3JnZSIsImF1ZCI6ImFjY291bnQiLCJzdWIiOiI5ZGQyNDg5NC00M2U0LTQ5ODMtYjBjYS1kZjY0NWFmNDU4OGUiLCJ0eXAiOiJCZWFyZXIiLCJhenAiOiJmb3JnZS1hcHAiLCJzaWQiOiI3NjUzMzQzNS02N2Y...nByZWZlcnJlZF91c2VybmFtZSI6InRvdXNzYWludGdhcmluYXQiLCJnaXZlbl9uYW1lIjoiVG91c3NhaW50IiwiZmFtaWx5X25hbWUiOiJHYXJpbmF0IiwiZW1haWwiOiJ0b3Vzc2FpbnRnYXJpbmF0QGdtYWlsLmNvbSJ9.fuz61sq3csQ0N3sBrI7TptGp2Zjg9u7snk7HaIrFa-QyKhfVONRhzkTbqCfTlLoHr19QYC1fynLFkXUmIalfVYQUMS3UYvfjnm6iq2DpyM1q6pVVPpfKdPw25YMin-Lt0TaFUknxvn1apBAr9naqfDtbv88SpFU0Xlt-dUGr1YRzxMFH_r2Fo10DpLzihNYVHq4iRvEDdrGhEzonosAlPUsmVdyGVx1uLMdZAGL9EBaBdajI4KhHdih4tj6TdAoeHGGyolNmpIKfUUPHgZbPjM5xJ-GtIlRMNxMDSU7ToKZc_fP9-3eQ0LS4GeWyFcXAD5bgXCokOtEB4iZ0TEWwsA' failed: HTTP Authentication failed; no valid credentials available @ http://localhost:3000/assets/index-DG6isJvj.js:75
[   41354ms] [ERROR] Failed to load resource: the server responded with a status of 401 (Unauthorized) @ http://localhost:3000/api/facturation?type=facture:0
[   44668ms] [ERROR] Failed to load resource: the server responded with a status of 401 (Unauthorized) @ http://localhost:3000/api/kb/articles:0
[   44967ms] [ERROR] Failed to load resource: the server responded with a status of 401 (Unauthorized) @ http://localhost:3000/api/kb/articles:0
[   46246ms] [ERROR] Failed to load resource: the server responded with a status of 401 (Unauthorized) @ http://localhost:3000/api/veille/sources:0
[   46247ms] [ERROR] Failed to load resource: the server responded with a status of 401 (Unauthorized) @ http://localhost:3000/api/veille/articles:0
[   49984ms] [ERROR] Failed to load resource: the server responded with a status of 401 (Unauthorized) @ http://localhost:3000/api/agent-factory?:0
[   52152ms] [ERROR] Failed to load resource: the server responded with a status of 401 (Unauthorized) @ http://localhost:3000/api/netbird/peers:0
[   55602ms] [ERROR] Failed to load resource: the server responded with a status of 401 (Unauthorized) @ http://localhost:3000/api/netbird/groups:0
[   58895ms] [ERROR] Failed to load resource: the server responded with a status of 401 (Unauthorized) @ http://localhost:3000/api/netbird/peers:0
[   64936ms] [ERROR] Failed to load resource: the server responded with a status of 401 (Unauthorized) @ http://localhost:3000/api/sessions:0
[   64941ms] Error: Invalid token
    at Q (http://localhost:3000/assets/index-DG6isJvj.js:75:14242)
    at async o (http://localhost:3000/assets/index-DG6isJvj.js:75:32812)
[   66272ms] [ERROR] Failed to load resource: the server responded with a status of 401 (Unauthorized) @ http://localhost:3000/api/sessions:0
[   66273ms] Error: Invalid token
    at Q (http://localhost:3000/assets/index-DG6isJvj.js:75:14242)
    at async o (http://localhost:3000/assets/index-DG6isJvj.js:75:32812)
